-------------------------------------------------------------------------------
Test set: com.desafioapishop.tests.cart.CartTests
-------------------------------------------------------------------------------
Tests run: 13, Failures: 0, Errors: 0, Skipped: 0, Time elapsed: 1.455 s - in com.desafioapishop.tests.cart.CartTests
successfulRegisterCart  Time elapsed: 0.123 s
shouldNotRegisterCartForUserWithAlreadyExistingCart  Time elapsed: 0.112 s
shouldNotCancelBuyForUserWithNoCart  Time elapsed: 0.095 s
listOneCart  Time elapsed: 0.088 s
shouldNotFinishBuyForUserWithNoCart  Time elapsed: 0.1 s
forbiddenRegisterCart  Time elapsed: 0.116 s
listCartWithFilters  Time elapsed: 0.085 s
shouldNotRegisterCartWithNonExistingProduct  Time elapsed: 0.1 s
shouldNotRegisterCartWithInvalidParameters  Time elapsed: 0.123 s
forbiddenCancelBuy  Time elapsed: 0.1 s
forbiddenFinishBuy  Time elapsed: 0.102 s
successfulCancelBuy  Time elapsed: 0.114 s
successfulFinishBuy  Time elapsed: 0.1 s
