-------------------------------------------------------------------------------
Test set: com.desafioapishop.tests.user.UpdateUserTests
-------------------------------------------------------------------------------
Tests run: 6, Failures: 0, Errors: 0, Skipped: 0, Time elapsed: 3.43 s - in com.desafioapishop.tests.user.UpdateUserTests
listOneCart  Time elapsed: 0 s
invalidTokenListUser  Time elapsed: 0 s
invalidParametersRegisterUser{String, String, String, String}[4]  Time elapsed: 0 s
shouldNotRegisterUserWithOtherUsersEmail  Time elapsed: 0.082 s
shouldNotFindUserToList{String, String, String}[2]  Time elapsed: 0.027 s
invalidParametersUpdateProduct{String, Float, Integer, String}[3]  Time elapsed: 0.053 s
