-------------------------------------------------------------------------------
Test set: com.desafioapishop.tests.cart.FinishOrCancelCartTests
-------------------------------------------------------------------------------
Tests run: 6, Failures: 3, Errors: 0, Skipped: 0, Time elapsed: 11.749 s <<< FAILURE! - in com.desafioapishop.tests.cart.FinishOrCancelCartTests
shouldNotCancelBuyForUserWithNoCart  Time elapsed: 1.996 s  <<< FAILURE!
java.lang.AssertionError: 
1 expectation failed.
JSON path message doesn't match.
Expected: NÃ£o hÃ¡ carrinho cadastrado para o usuÃ¡rio
  Actual: Não há carrinho cadastrado para o usuário

	at com.desafioapishop.tests.cart.FinishOrCancelCartTests.shouldNotCancelBuyForUserWithNoCart(FinishOrCancelCartTests.java:85)

shouldNotFinishBuyForUserWithNoCart  Time elapsed: 2.123 s  <<< FAILURE!
java.lang.AssertionError: 
1 expectation failed.
JSON path message doesn't match.
Expected: NÃ£o hÃ¡ carrinho cadastrado para o usuÃ¡rio
  Actual: Não há carrinho cadastrado para o usuário

	at com.desafioapishop.tests.cart.FinishOrCancelCartTests.shouldNotFinishBuyForUserWithNoCart(FinishOrCancelCartTests.java:42)

forbiddenCancelBuy  Time elapsed: 1.941 s
forbiddenFinishBuy  Time elapsed: 1.811 s
successfulCancelBuy  Time elapsed: 1.924 s  <<< FAILURE!
java.lang.AssertionError: 
1 expectation failed.
Expected status code <200> but was <404>.

	at com.desafioapishop.tests.cart.FinishOrCancelCartTests.successfulCancelBuy(FinishOrCancelCartTests.java:71)

successfulFinishBuy  Time elapsed: 1.946 s
