-------------------------------------------------------------------------------
Test set: com.desafioapishop.tests.user.DeleteUserTests
-------------------------------------------------------------------------------
Tests run: 16, Failures: 0, Errors: 0, Skipped: 0, Time elapsed: 0.946 s - in com.desafioapishop.tests.user.DeleteUserTests
shouldNotFindProductToList{String, String, String, String, String}[2]  Time elapsed: 0.003 s
shouldNotRegisterDuplicatedName  Time elapsed: 0 s
successfulUserUpdate  Time elapsed: 0.001 s
shouldNotExcludeProductBelongingToACart  Time elapsed: 0.053 s
shouldNotUpdateProductForNonAdminProduct  Time elapsed: 0.083 s
invalidTokenExcludeUser  Time elapsed: 0.057 s
forbiddenCancelBuy  Time elapsed: 0 s
shouldNotFindProductToList{String, String, String, String, String}[3]  Time elapsed: 0.083 s
forbiddenExcludeProduct  Time elapsed: 0.109 s
invalidParametersRegisterProduct{String, Float, Integer, String}[1]  Time elapsed: 0.076 s
shouldNotUpdateUserWithOtherUsersEmail  Time elapsed: 0.019 s
shouldNotRegisterCartWithInvalidParameters  Time elapsed: 0 s
forbiddenExcludeUser  Time elapsed: 0.034 s
successfulUpdateProduct  Time elapsed: 0.091 s
listUsersWithFilters{String, String, String}[1]  Time elapsed: 0.01 s
shouldNotExcludeNoRegisteredUser  Time elapsed: 0.105 s
