-------------------------------------------------------------------------------
Test set: com.desafioapishop.tests.user.DeleteUserTests
-------------------------------------------------------------------------------
Tests run: 5, Failures: 0, Errors: 5, Skipped: 0, Time elapsed: 3.22 s <<< FAILURE! - in com.desafioapishop.tests.user.DeleteUserTests
shouldNotExcludeNoRegisteredUser  Time elapsed: 0.072 s  <<< ERROR!
java.net.SocketException: Network is unreachable: connect

forbiddenExcludeUser  Time elapsed: 0.081 s  <<< ERROR!
java.net.SocketException: Network is unreachable: connect

invalidTokenExcludeUser  Time elapsed: 0.639 s  <<< ERROR!
java.net.SocketException: Network is unreachable: connect

excludeUser  Time elapsed: 0.158 s  <<< ERROR!
java.net.SocketException: Network is unreachable: connect

shouldNotExcludeUserWithCart  Time elapsed: 0.056 s  <<< ERROR!
java.net.SocketException: Network is unreachable: connect

