-------------------------------------------------------------------------------
Test set: com.desafioapishop.tests.cart.FinishOrCancelCartTests
-------------------------------------------------------------------------------
Tests run: 6, Failures: 0, Errors: 0, Skipped: 0, Time elapsed: 0.877 s - in com.desafioapishop.tests.cart.FinishOrCancelCartTests
shouldNotCancelBuyForUserWithNoCart  Time elapsed: 0.165 s
shouldNotFinishBuyForUserWithNoCart  Time elapsed: 0.157 s
forbiddenCancelBuy  Time elapsed: 0.101 s
forbiddenFinishBuy  Time elapsed: 0.131 s
successfulCancelBuy  Time elapsed: 0.147 s
successfulFinishBuy  Time elapsed: 0.158 s
