-------------------------------------------------------------------------------
Test set: com.desafioapishop.tests.product.DeleteProductTests
-------------------------------------------------------------------------------
Tests run: 5, Failures: 0, Errors: 0, Skipped: 0, Time elapsed: 30.928 s - in com.desafioapishop.tests.product.DeleteProductTests
excludeProduct  Time elapsed: 6.125 s
shouldNotExcludeProductForNonAdminUser  Time elapsed: 6.254 s
forbiddenExcludeProduct  Time elapsed: 6.159 s
shouldNotExcludeProductBelongingToACart  Time elapsed: 6.23 s
shouldNotExcludeNonExistentProduct  Time elapsed: 6.15 s
