-------------------------------------------------------------------------------
Test set: com.desafioapishop.tests.product.UpdateProductTests
-------------------------------------------------------------------------------
Tests run: 8, Failures: 1, Errors: 0, Skipped: 0, Time elapsed: 18.069 s <<< FAILURE! - in com.desafioapishop.tests.product.UpdateProductTests
invalidParametersUpdateProduct{String, Float, Integer, String}[1]  Time elapsed: 1.731 s
invalidParametersUpdateProduct{String, Float, Integer, String}[2]  Time elapsed: 2.003 s
invalidParametersUpdateProduct{String, Float, Integer, String}[3]  Time elapsed: 1.796 s
invalidParametersUpdateProduct{String, Float, Integer, String}[4]  Time elapsed: 2.781 s
shouldNotUpdateWithDuplicatedName  Time elapsed: 2.871 s  <<< FAILURE!
java.lang.AssertionError: 
1 expectation failed.
JSON path message doesn't match.
Expected: Produto jÃ¡ cadastrado com o nome: Product to find
  Actual: Produto já cadastrado com o nome: Product to find

	at com.desafioapishop.tests.product.UpdateProductTests.shouldNotUpdateWithDuplicatedName(UpdateProductTests.java:66)

successfulUpdateProduct  Time elapsed: 1.943 s
shouldNotUpdateProductForNonAdminProduct  Time elapsed: 3.061 s
forbiddenUpdateProduct  Time elapsed: 1.866 s
