-------------------------------------------------------------------------------
Test set: com.desafioapishop.tests.product.DeleteProductTests
-------------------------------------------------------------------------------
Tests run: 5, Failures: 1, Errors: 0, Skipped: 0, Time elapsed: 9.882 s <<< FAILURE! - in com.desafioapishop.tests.product.DeleteProductTests
excludeProduct  Time elapsed: 1.707 s  <<< FAILURE!
java.lang.AssertionError: 
1 expectation failed.
JSON path message doesn't match.
Expected: Produto excluído com sucesso
  Actual: Nenhum produto excluído

	at com.desafioapishop.tests.product.DeleteProductTests.excludeProduct(DeleteProductTests.java:31)

shouldNotExcludeProductForNonAdminUser  Time elapsed: 2.703 s
forbiddenExcludeProduct  Time elapsed: 1.737 s
shouldNotExcludeProductBelongingToACart  Time elapsed: 1.775 s
shouldNotExcludeNonExistentProduct  Time elapsed: 1.948 s
