-------------------------------------------------------------------------------
Test set: com.desafioapishop.tests.product.DeleteProductTests
-------------------------------------------------------------------------------
Tests run: 5, Failures: 1, Errors: 0, Skipped: 0, Time elapsed: 11.953 s <<< FAILURE! - in com.desafioapishop.tests.product.DeleteProductTests
excludeProduct  Time elapsed: 2.227 s  <<< FAILURE!
java.lang.AssertionError: 
1 expectation failed.
JSON path message doesn't match.
Expected: Produto excluído com sucesso
  Actual: Nenhum produto excluído

	at com.desafioapishop.tests.product.DeleteProductTests.excludeProduct(DeleteProductTests.java:31)

shouldNotExcludeProductForNonAdminUser  Time elapsed: 3.078 s
forbiddenExcludeProduct  Time elapsed: 2.862 s
shouldNotExcludeProductBelongingToACart  Time elapsed: 1.88 s
shouldNotExcludeNonExistentProduct  Time elapsed: 1.892 s
