-------------------------------------------------------------------------------
Test set: com.desafioapishop.tests.cart.CartTests
-------------------------------------------------------------------------------
Tests run: 3, Failures: 0, Errors: 0, Skipped: 0, Time elapsed: 3.626 s - in com.desafioapishop.tests.cart.CartTests
successfulRegisterCart  Time elapsed: 0.039 s
shouldNotRegisterCartForUserWithAlreadyExistingCart  Time elapsed: 0.016 s
shouldNotCancelBuyForUserWithNoCart  Time elapsed: 0.123 s
