-------------------------------------------------------------------------------
Test set: com.desafioapishop.tests.auth.AuthTests
-------------------------------------------------------------------------------
Tests run: 7, Failures: 0, Errors: 0, Skipped: 0, Time elapsed: 2.705 s - in com.desafioapishop.tests.auth.AuthTests
successfulAuthenticate  Time elapsed: 2.294 s
validateCredentialsAuthenticate{String, String, String}[1]  Time elapsed: 0.081 s
validateCredentialsAuthenticate{String, String, String}[2]  Time elapsed: 0.032 s
validateCredentialsAuthenticate{String, String, String}[3]  Time elapsed: 0.041 s
validateCredentialsAuthenticate{String, String, String}[4]  Time elapsed: 0.02 s
validateCredentialsAuthenticate{String, String, String}[5]  Time elapsed: 0.031 s
nonExistingUserAuthenticate  Time elapsed: 0.101 s
