-------------------------------------------------------------------------------
Test set: com.desafioapishop.tests.auth.AuthTests
-------------------------------------------------------------------------------
Tests run: 7, Failures: 0, Errors: 0, Skipped: 0, Time elapsed: 19.878 s - in com.desafioapishop.tests.auth.AuthTests
successfulAuthenticate  Time elapsed: 7.362 s
validateCredentialsAuthenticate{String, String, String}[1]  Time elapsed: 2.176 s
validateCredentialsAuthenticate{String, String, String}[2]  Time elapsed: 1.817 s
validateCredentialsAuthenticate{String, String, String}[3]  Time elapsed: 1.756 s
validateCredentialsAuthenticate{String, String, String}[4]  Time elapsed: 2.103 s
validateCredentialsAuthenticate{String, String, String}[5]  Time elapsed: 1.755 s
nonExistingUserAuthenticate  Time elapsed: 2.017 s
