-------------------------------------------------------------------------------
Test set: com.desafioapishop.tests.cart.RegisterCartTests
-------------------------------------------------------------------------------
Tests run: 12, Failures: 2, Errors: 0, Skipped: 0, Time elapsed: 64.848 s <<< FAILURE! - in com.desafioapishop.tests.cart.RegisterCartTests
successfulRegisterCart  Time elapsed: 3.663 s  <<< FAILURE!
java.lang.AssertionError: 
1 expectation failed.
Expected status code <201> but was <422>.

	at com.desafioapishop.tests.cart.RegisterCartTests.successfulRegisterCart(RegisterCartTests.java:47)

shouldNotRegisterCartForUserWithAlreadyExistingCart  Time elapsed: 5.503 s  <<< FAILURE!
java.lang.AssertionError: 
1 expectation failed.
Expected status code <422> but was <201>.

	at com.desafioapishop.tests.cart.RegisterCartTests.shouldNotRegisterCartForUserWithAlreadyExistingCart(RegisterCartTests.java:73)

forbiddenRegisterCart  Time elapsed: 5.049 s
shouldNotRegisterCartWithNonExistingProduct  Time elapsed: 4.723 s
shouldNotRegisterCartWithInvalidParameters{String, String, String, String, String}[1]  Time elapsed: 4.272 s
shouldNotRegisterCartWithInvalidParameters{String, String, String, String, String}[2]  Time elapsed: 10.273 s
shouldNotRegisterCartWithInvalidParameters{String, String, String, String, String}[3]  Time elapsed: 8.169 s
shouldNotRegisterCartWithInvalidParameters{String, String, String, String, String}[4]  Time elapsed: 6.102 s
shouldNotRegisterCartWithInvalidParameters{String, String, String, String, String}[5]  Time elapsed: 4.28 s
shouldNotRegisterCartWithInvalidParameters{String, String, String, String, String}[6]  Time elapsed: 3.822 s
shouldNotRegisterCartWithInvalidParameters{String, String, String, String, String}[7]  Time elapsed: 4.743 s
shouldNotRegisterCartWithInvalidParameters{String, String, String, String, String}[8]  Time elapsed: 4.125 s
