-------------------------------------------------------------------------------
Test set: com.desafioapishop.tests.user.DeleteUserTests
-------------------------------------------------------------------------------
Tests run: 5, Failures: 1, Errors: 0, Skipped: 0, Time elapsed: 10.635 s <<< FAILURE! - in com.desafioapishop.tests.user.DeleteUserTests
shouldNotExcludeNoRegisteredUser  Time elapsed: 2.275 s
forbiddenExcludeUser  Time elapsed: 2.651 s
invalidTokenExcludeUser  Time elapsed: 1.725 s
excludeUser  Time elapsed: 2.268 s  <<< FAILURE!
java.lang.AssertionError: 
1 expectation failed.
JSON path message doesn't match.
Expected: Usuário excluído com sucesso
  Actual: Nenhum usuário excluído

	at com.desafioapishop.tests.user.DeleteUserTests.excludeUser(DeleteUserTests.java:33)

shouldNotExcludeUserWithCart  Time elapsed: 1.704 s
