-------------------------------------------------------------------------------
Test set: com.desafioapishop.tests.auth.AuthTest
-------------------------------------------------------------------------------
Tests run: 7, Failures: 0, Errors: 0, Skipped: 0, Time elapsed: 2.917 s - in com.desafioapishop.tests.auth.AuthTest
validateCredentialsAuthenticate{String, String, String}[1]  Time elapsed: 2.382 s
validateCredentialsAuthenticate{String, String, String}[2]  Time elapsed: 0.043 s
validateCredentialsAuthenticate{String, String, String}[3]  Time elapsed: 0.04 s
validateCredentialsAuthenticate{String, String, String}[4]  Time elapsed: 0.04 s
validateCredentialsAuthenticate{String, String, String}[5]  Time elapsed: 0.038 s
nonExistingUserAuthenticate  Time elapsed: 0.132 s
successfulAuthenticateTests  Time elapsed: 0.158 s
