-------------------------------------------------------------------------------
Test set: com.desafioapishop.tests.product.ListProductTests
-------------------------------------------------------------------------------
Tests run: 8, Failures: 0, Errors: 0, Skipped: 0, Time elapsed: 63.69 s - in com.desafioapishop.tests.product.ListProductTests
listProductWithFilters{String, String, String}[1]  Time elapsed: 8.185 s
listProductWithFilters{String, String, String}[2]  Time elapsed: 7.791 s
listProductWithFilters{String, String, String}[3]  Time elapsed: 7.78 s
listProductWithFilters{String, String, String}[4]  Time elapsed: 7.831 s
listProductWithFilters{String, String, String}[5]  Time elapsed: 8.041 s
shouldNotFindProductToList{String, String, String, String, String}[1]  Time elapsed: 7.814 s
shouldNotFindProductToList{String, String, String, String, String}[2]  Time elapsed: 7.783 s
shouldNotFindProductToList{String, String, String, String, String}[3]  Time elapsed: 8.432 s
