-------------------------------------------------------------------------------
Test set: com.desafioapishop.tests.cart.FinishOrCancelCartTests
-------------------------------------------------------------------------------
Tests run: 6, Failures: 0, Errors: 0, Skipped: 0, Time elapsed: 0.908 s - in com.desafioapishop.tests.cart.FinishOrCancelCartTests
shouldNotCancelBuyForUserWithNoCart  Time elapsed: 0.185 s
shouldNotFinishBuyForUserWithNoCart  Time elapsed: 0.153 s
forbiddenCancelBuy  Time elapsed: 0.148 s
forbiddenFinishBuy  Time elapsed: 0.115 s
successfulCancelBuy  Time elapsed: 0.165 s
successfulFinishBuy  Time elapsed: 0.142 s
