-------------------------------------------------------------------------------
Test set: com.desafioapishop.tests.cart.FinishOrCancelCartTests
-------------------------------------------------------------------------------
Tests run: 6, Failures: 1, Errors: 0, Skipped: 0, Time elapsed: 11.822 s <<< FAILURE! - in com.desafioapishop.tests.cart.FinishOrCancelCartTests
shouldNotCancelBuyForUserWithNoCart  Time elapsed: 2.048 s
shouldNotFinishBuyForUserWithNoCart  Time elapsed: 1.816 s
forbiddenCancelBuy  Time elapsed: 1.821 s
forbiddenFinishBuy  Time elapsed: 2.392 s
successfulCancelBuy  Time elapsed: 1.92 s  <<< FAILURE!
java.lang.AssertionError: 
1 expectation failed.
Expected status code <200> but was <404>.

	at com.desafioapishop.tests.cart.FinishOrCancelCartTests.successfulCancelBuy(FinishOrCancelCartTests.java:71)

successfulFinishBuy  Time elapsed: 1.759 s
