-------------------------------------------------------------------------------
Test set: com.desafioapishop.tests.product.RegisterProductTests
-------------------------------------------------------------------------------
Tests run: 8, Failures: 0, Errors: 0, Skipped: 0, Time elapsed: 66.175 s - in com.desafioapishop.tests.product.RegisterProductTests
successfulRegisterProduct  Time elapsed: 8.705 s
forbiddenRegisterProduct  Time elapsed: 8.034 s
invalidParametersRegisterProduct{String, Float, Integer, String}[1]  Time elapsed: 7.875 s
invalidParametersRegisterProduct{String, Float, Integer, String}[2]  Time elapsed: 8.509 s
invalidParametersRegisterProduct{String, Float, Integer, String}[3]  Time elapsed: 7.798 s
invalidParametersRegisterProduct{String, Float, Integer, String}[4]  Time elapsed: 7.986 s
shouldNotRegisterDuplicatedName  Time elapsed: 8.017 s
shouldNotRegisterProductForNonAdminProduct  Time elapsed: 9.221 s
