-------------------------------------------------------------------------------
Test set: com.desafioapishop.tests.product.ListProductTests
-------------------------------------------------------------------------------
Tests run: 10, Failures: 0, Errors: 0, Skipped: 0, Time elapsed: 2.818 s - in com.desafioapishop.tests.product.ListProductTests
listUsersWithFilters{String, String, String}[3]  Time elapsed: 0 s
listProductWithFilters{String, String, String}[4]  Time elapsed: 0 s
invalidParametersUpdateProduct{String, Float, Integer, String}[1]  Time elapsed: 0 s
invalidParametersUserUpdate{String, String, String, String}[5]  Time elapsed: 0 s
shouldNotFinishBuyForUserWithNoCart  Time elapsed: 0 s
forbiddenListUser  Time elapsed: 0 s
forbiddenRegisterProduct  Time elapsed: 0 s
invalidParametersUserUpdate{String, String, String, String}[6]  Time elapsed: 0 s
invalidParametersRegisterUser{String, String, String, String}[3]  Time elapsed: 0 s
listProductWithFilters{String, String, String}[5]  Time elapsed: 0 s
