<?xml version="1.0" encoding="UTF-8"?>
<testsuite xmlns:xsi="http://www.w3.org/2001/XMLSchema-instance" xsi:noNamespaceSchemaLocation="https://maven.apache.org/surefire/maven-surefire-plugin/xsd/surefire-test-report.xsd" name="com.desafioapishop.tests.user.RegisterUserTests" time="16.811" tests="9" errors="0" skipped="0" failures="1">
  <properties>
[...]
</properties>
  <testcase name="shouldNotRegisterUserWithOtherUsersEmail" classname="com.desafioapishop.tests.user.RegisterUserTests" time="1.716">
    <failure message="1 expectation failed.&#10;JSON path message doesn&apos;t match.&#10;Expected: UsuÃ¡rio jÃ¡ cadastrado com o e-mail: admin@email.com&#10;  Actual: Usuário já cadastrado com o e-mail: admin@email.com&#10;" type="java.lang.AssertionError">java.lang.AssertionError: 
1 expectation failed.
JSON path message doesn't match.
Expected: UsuÃ¡rio jÃ¡ cadastrado com o e-mail: admin@email.com
  Actual: Usuário já cadastrado com o e-mail: admin@email.com

	at com.desafioapishop.tests.user.RegisterUserTests.shouldNotRegisterUserWithOtherUsersEmail(RegisterUserTests.java:81)
</failure>
    <system-out><![CDATA[Request method:	POST
Request URI:	https://shop-prototype-mila.herokuapp.com/users
Proxy:			<none>
Request params:	<none>
Query params:	<none>
Form params:	<none>
Path params:	<none>
Headers:		Accept=*/*
				Content-Type=application/json; charset=UTF-8
Cookies:		<none>
Multiparts:		<none>
Body:
{
    "email": "admin@email.com",
    "name": "fool",
    "password": "123456",
    "rolesNames": [
        "USER"
    ]
}

HTTP/1.1 409 
Server: Cowboy
Connection: keep-alive
X-Content-Type-Options: nosniff
X-Xss-Protection: 1; mode=block
Cache-Control: no-cache, no-store, max-age=0, must-revalidate
Pragma: no-cache
Expires: 0
Strict-Transport-Security: max-age=31536000 ; includeSubDomains
Content-Type: application/json
Transfer-Encoding: chunked
Date: Tue, 31 Aug 2021 10:30:15 GMT
Via: 1.1 vegur

{
    "timestamp": 1630405816817,
    "status": 409,
    "error": "",
    "message": "Usuário já cadastrado com o e-mail: admin@email.com",
    "path": "/users"
}
]]></system-out>
  </testcase>
  <testcase name="successfulRegisterUser" classname="com.desafioapishop.tests.user.RegisterUserTests" time="2.092"/>
  <testcase name="invalidParametersRegisterUser{String, String, String, String}[1]" classname="com.desafioapishop.tests.user.RegisterUserTests" time="1.747"/>
  <testcase name="invalidParametersRegisterUser{String, String, String, String}[2]" classname="com.desafioapishop.tests.user.RegisterUserTests" time="1.758"/>
  <testcase name="invalidParametersRegisterUser{String, String, String, String}[3]" classname="com.desafioapishop.tests.user.RegisterUserTests" time="1.903"/>
  <testcase name="invalidParametersRegisterUser{String, String, String, String}[4]" classname="com.desafioapishop.tests.user.RegisterUserTests" time="1.877"/>
  <testcase name="invalidParametersRegisterUser{String, String, String, String}[5]" classname="com.desafioapishop.tests.user.RegisterUserTests" time="1.827"/>
  <testcase name="invalidParametersRegisterUser{String, String, String, String}[6]" classname="com.desafioapishop.tests.user.RegisterUserTests" time="1.999"/>
  <testcase name="invalidParametersRegisterUser{String, String, String, String}[7]" classname="com.desafioapishop.tests.user.RegisterUserTests" time="1.873"/>
</testsuite>