<?xml version="1.0" encoding="UTF-8"?>
<testsuite xmlns:xsi="http://www.w3.org/2001/XMLSchema-instance" xsi:noNamespaceSchemaLocation="https://maven.apache.org/surefire/maven-surefire-plugin/xsd/surefire-test-report.xsd" name="com.desafioapishop.tests.cart.ListCartTests" time="3.63" tests="3" errors="0" skipped="0" failures="0">
  <properties>
[...]
</properties>
  <testcase name="listOneCart" classname="com.desafioapishop.tests.cart.ListCartTests" time="1.79"/>
  <testcase name="shouldNotFindCartToList" classname="com.desafioapishop.tests.cart.ListCartTests" time="0.913"/>
  <testcase name="listCartWithFilters" classname="com.desafioapishop.tests.cart.ListCartTests" time="0.921"/>
</testsuite>