<?xml version="1.0" encoding="UTF-8"?>
<testsuite xmlns:xsi="http://www.w3.org/2001/XMLSchema-instance" xsi:noNamespaceSchemaLocation="https://maven.apache.org/surefire/maven-surefire-plugin/xsd/surefire-test-report.xsd" name="com.desafioapishop.tests.user.RegisterUserTests" time="1.335" tests="9" errors="0" skipped="0" failures="0">
  <properties>
[...]
</properties>
  <testcase name="shouldNotRegisterUserWithOtherUsersEmail" classname="com.desafioapishop.tests.user.RegisterUserTests" time="0.132"/>
  <testcase name="successfulRegisterUser" classname="com.desafioapishop.tests.user.RegisterUserTests" time="0.248"/>
  <testcase name="invalidParametersRegisterUser{String, String, String, String}[1]" classname="com.desafioapishop.tests.user.RegisterUserTests" time="0.154"/>
  <testcase name="invalidParametersRegisterUser{String, String, String, String}[2]" classname="com.desafioapishop.tests.user.RegisterUserTests" time="0.117"/>
  <testcase name="invalidParametersRegisterUser{String, String, String, String}[3]" classname="com.desafioapishop.tests.user.RegisterUserTests" time="0.139"/>
  <testcase name="invalidParametersRegisterUser{String, String, String, String}[4]" classname="com.desafioapishop.tests.user.RegisterUserTests" time="0.131"/>
  <testcase name="invalidParametersRegisterUser{String, String, String, String}[5]" classname="com.desafioapishop.tests.user.RegisterUserTests" time="0.122"/>
  <testcase name="invalidParametersRegisterUser{String, String, String, String}[6]" classname="com.desafioapishop.tests.user.RegisterUserTests" time="0.125"/>
  <testcase name="invalidParametersRegisterUser{String, String, String, String}[7]" classname="com.desafioapishop.tests.user.RegisterUserTests" time="0.114"/>
</testsuite>