<?xml version="1.0" encoding="UTF-8"?>
<testsuite xmlns:xsi="http://www.w3.org/2001/XMLSchema-instance" xsi:noNamespaceSchemaLocation="https://maven.apache.org/surefire/maven-surefire-plugin/xsd/surefire-test-report.xsd" name="com.desafioapishop.tests.user.DeleteUserTests" time="0.946" tests="16" errors="0" skipped="0" failures="0">
  <properties>
[...]
</properties>
  <testcase name="shouldNotFindProductToList{String, String, String, String, String}[2]" classname="com.desafioapishop.tests.product.ListProductTests" time="0.003"/>
  <testcase name="shouldNotRegisterDuplicatedName" classname="com.desafioapishop.tests.product.RegisterProductTests" time="0"/>
  <testcase name="successfulUserUpdate" classname="com.desafioapishop.tests.user.UpdateUserTests" time="0.001"/>
  <testcase name="shouldNotExcludeProductBelongingToACart" classname="com.desafioapishop.tests.product.DeleteProductTests" time="0.053"/>
  <testcase name="shouldNotUpdateProductForNonAdminProduct" classname="com.desafioapishop.tests.product.UpdateProductTests" time="0.083"/>
  <testcase name="invalidTokenExcludeUser" classname="com.desafioapishop.tests.user.DeleteUserTests" time="0.057"/>
  <testcase name="forbiddenCancelBuy" classname="com.desafioapishop.tests.cart.CartTests" time="0"/>
  <testcase name="shouldNotFindProductToList{String, String, String, String, String}[3]" classname="com.desafioapishop.tests.product.ListProductTests" time="0.083"/>
  <testcase name="forbiddenExcludeProduct" classname="com.desafioapishop.tests.product.DeleteProductTests" time="0.109"/>
  <testcase name="invalidParametersRegisterProduct{String, Float, Integer, String}[1]" classname="com.desafioapishop.tests.product.RegisterProductTests" time="0.076"/>
  <testcase name="shouldNotUpdateUserWithOtherUsersEmail" classname="com.desafioapishop.tests.user.UpdateUserTests" time="0.019"/>
  <testcase name="shouldNotRegisterCartWithInvalidParameters" classname="com.desafioapishop.tests.cart.CartTests" time="0"/>
  <testcase name="forbiddenExcludeUser" classname="com.desafioapishop.tests.user.DeleteUserTests" time="0.034"/>
  <testcase name="successfulUpdateProduct" classname="com.desafioapishop.tests.product.UpdateProductTests" time="0.091"/>
  <testcase name="listUsersWithFilters{String, String, String}[1]" classname="com.desafioapishop.tests.user.ListUserTests" time="0.01"/>
  <testcase name="shouldNotExcludeNoRegisteredUser" classname="com.desafioapishop.tests.user.DeleteUserTests" time="0.105"/>
</testsuite>