<?xml version="1.0" encoding="UTF-8"?>
<testsuite xmlns:xsi="http://www.w3.org/2001/XMLSchema-instance" xsi:noNamespaceSchemaLocation="https://maven.apache.org/surefire/maven-surefire-plugin/xsd/surefire-test-report.xsd" name="com.desafioapishop.tests.user.UpdateUserTests" time="67.66" tests="11" errors="0" skipped="0" failures="0">
  <properties>
[...]
</properties>
  <testcase name="forbiddenUserUpdate" classname="com.desafioapishop.tests.user.UpdateUserTests" time="6.094"/>
  <testcase name="invalidParametersUserUpdate{String, String, String, String}[1]" classname="com.desafioapishop.tests.user.UpdateUserTests" time="6.143"/>
  <testcase name="invalidParametersUserUpdate{String, String, String, String}[2]" classname="com.desafioapishop.tests.user.UpdateUserTests" time="6.143"/>
  <testcase name="invalidParametersUserUpdate{String, String, String, String}[3]" classname="com.desafioapishop.tests.user.UpdateUserTests" time="6.139"/>
  <testcase name="invalidParametersUserUpdate{String, String, String, String}[4]" classname="com.desafioapishop.tests.user.UpdateUserTests" time="6.165"/>
  <testcase name="invalidParametersUserUpdate{String, String, String, String}[5]" classname="com.desafioapishop.tests.user.UpdateUserTests" time="6.18"/>
  <testcase name="invalidParametersUserUpdate{String, String, String, String}[6]" classname="com.desafioapishop.tests.user.UpdateUserTests" time="6.127"/>
  <testcase name="invalidParametersUserUpdate{String, String, String, String}[7]" classname="com.desafioapishop.tests.user.UpdateUserTests" time="6.134"/>
  <testcase name="shouldNotUpdateUserWithOtherUsersEmail" classname="com.desafioapishop.tests.user.UpdateUserTests" time="6.152"/>
  <testcase name="successfulUserUpdate" classname="com.desafioapishop.tests.user.UpdateUserTests" time="6.195"/>
  <testcase name="invalidTokenUserUpdate" classname="com.desafioapishop.tests.user.UpdateUserTests" time="6.158"/>
</testsuite>