<?xml version="1.0" encoding="UTF-8"?>
<testsuite xmlns:xsi="http://www.w3.org/2001/XMLSchema-instance" xsi:noNamespaceSchemaLocation="https://maven.apache.org/surefire/maven-surefire-plugin/xsd/surefire-test-report.xsd" name="com.desafioapishop.tests.user.DeleteUserTests" time="10.609" tests="5" errors="0" skipped="0" failures="1">
  <properties>
[...]
</properties>
  <testcase name="shouldNotExcludeNoRegisteredUser" classname="com.desafioapishop.tests.user.DeleteUserTests" time="1.721"/>
  <testcase name="forbiddenExcludeUser" classname="com.desafioapishop.tests.user.DeleteUserTests" time="2.658"/>
  <testcase name="invalidTokenExcludeUser" classname="com.desafioapishop.tests.user.DeleteUserTests" time="2.309"/>
  <testcase name="excludeUser" classname="com.desafioapishop.tests.user.DeleteUserTests" time="1.849">
    <failure message="1 expectation failed.&#10;JSON path message doesn&apos;t match.&#10;Expected: Usuário excluído com sucesso&#10;  Actual: Nenhum usuário excluído&#10;" type="java.lang.AssertionError">java.lang.AssertionError: 
1 expectation failed.
JSON path message doesn't match.
Expected: Usuário excluído com sucesso
  Actual: Nenhum usuário excluído

	at com.desafioapishop.tests.user.DeleteUserTests.excludeUser(DeleteUserTests.java:33)
</failure>
    <system-out><![CDATA[Request method:	DELETE
Request URI:	https://shop-prototype-mila.herokuapp.com/users/5
Proxy:			<none>
Request params:	<none>
Query params:	<none>
Form params:	<none>
Path params:	<none>
Headers:		Authorization=Bearer eyJhbGciOiJIUzI1NiJ9.eyJpc3MiOiJTaG9wIFByb3RvdHlwZSBBUEkiLCJzdWIiOiIxIiwiaWF0IjoxNjQxNTgwMjk5LCJleHAiOjE2NDE2NjY2OTl9.amZSYiYsl30EYKb_80RWNMD2mhjjGruVqQgtBeoyonI
				Accept=*/*
				Content-Type=application/json; charset=UTF-8
Cookies:		<none>
Multiparts:		<none>
Body:			<none>

HTTP/1.1 200 
Server: Cowboy
Connection: keep-alive
X-Content-Type-Options: nosniff
X-Xss-Protection: 1; mode=block
Cache-Control: no-cache, no-store, max-age=0, must-revalidate
Pragma: no-cache
Expires: 0
Strict-Transport-Security: max-age=31536000 ; includeSubDomains
Content-Type: application/json
Transfer-Encoding: chunked
Date: Fri, 07 Jan 2022 18:31:39 GMT
Via: 1.1 vegur

{
    "message": "Nenhum usuário excluído"
}
]]></system-out>
  </testcase>
  <testcase name="shouldNotExcludeUserWithCart" classname="com.desafioapishop.tests.user.DeleteUserTests" time="2.018"/>
</testsuite>